-10216
74 73 -100
87 1 -100
47 78 -100
66 14 -100
99 27 -99
91 3 -99
37 45 -99
62 39 -98
34 77 -98
65 58 -98
16 51 -98
50 83 -98
98 0 -98
96 88 -98
43 65 -97
54 88 -97
26 23 -97
61 49 -97
77 47 -97
87 88 -96
51 6 -96
48 14 -96
85 23 -96
57 97 -96
35 22 -96
83 20 -95
27 98 -95
85 57 -94
94 74 -94
35 73 -94
16 30 -94
16 1 -93
52 48 -93
97 27 -93
40 41 -93
26 16 -93
20 82 -93
73 25 -93
84 41 -93
50 66 -92
49 24 -92
90 32 -92
3 66 -92
59 48 -92
85 69 -91
42 72 -91
72 69 -91
88 79 -91
70 7 -91
21 72 -91
4 2 -90
16 39 -90
72 98 -90
10 12 -89
36 54 -89
93 3 -89
0 83 -89
23 82 -89
75 44 -88
40 76 -88
25 9 -88
84 45 -88
88 78 -88
22 3 -88
70 8 -88
15 20 -87
85 86 -87
37 33 -87
43 12 -87
6 64 -87
6 77 -87
82 97 -87
36 0 -86
67 49 -86
1 47 -86
53 52 -86
46 84 -86
68 79 -86
79 26 -86
21 84 -85
50 76 -85
27 55 -85
66 9 -84
23 56 -84
49 6 -84
98 94 -84
79 51 -84
96 46 -84
71 68 -84
6 52 -84
23 25 -84
80 68 -84
14 97 -83
93 24 -83
3 8 -83
18 95 -83
45 6 -82
88 55 -82
53 54 -82
46 13 -82
36 87 -81
93 4 -81
84 50 -81
62 45 -80
87 81 -80
75 69 -80
89 4 -80
76 86 -80
96 42 -80
2 80 -80
2 49 -79
83 31 -79
20 27 -79
94 24 -79
34 60 -79
36 18 -79
78 6 -79
94 13 -79
90 22 -78
21 47 -78
59 20 -78
60 63 -77
6 1 -77
31 12 -77
10 90 -77
50 70 -76
48 87 -76
21 32 -75
57 41 -75
80 66 -75
47 88 -75
15 72 -75
61 25 -75
94 39 -74
48 53 -74
47 93 -74
88 97 -74
58 10 -74
64 42 -74
96 78 -74
20 55 -74
61 71 -74
9 16 -74
34 68 -73
93 63 -73
10 88 -73
60 33 -73
62 24 -73
81 19 -72
51 98 -72
68 23 -72
14 30 -72
68 52 -71
94 64 -71
95 37 -71
32 27 -70
7 65 -70
53 65 -70
53 93 -70
60 86 -70
59 28 -70
68 93 -70
28 9 -70
79 58 -69
16 97 -69
86 91 -69
63 66 -68
83 72 -68
9 5 -68
76 55 -67
35 64 -67
61 30 -67
4 14 -67
32 57 -66
29 99 -66
29 60 -66
50 60 -66
20 54 -66
2 42 -66
85 46 -65
66 49 -65
99 81 -64
63 73 -64
91 76 -64
31 84 -64
43 84 -63
19 7 -63
78 11 -63
50 6 -63
51 97 -62
52 86 -62
97 54 -62
79 71 -62
50 46 -61
62 95 -61
88 33 -61
78 22 -61
82 38 -61
36 83 -61
99 67 -61
35 34 -60
76 63 -60
70 77 -60
1 79 -60
6 56 -60
95 5 -59
15 45 -59
38 85 -59
9 77 -59
85 3 -59
92 55 -59
68 92 -58
30 45 -58
56 95 -57
79 30 -57
99 96 -57
45 95 -57
20 69 -57
47 82 -57
14 1 -56
40 4 -56
85 8 -56
40 69 -56
78 67 -56
45 29 -56
22 33 -55
59 8 -55
30 84 -55
54 97 -55
60 91 -55
59 24 -55
32 30 -55
78 10 -55
3 91 -54
43 67 -54
0 63 -54
5 31 -54
67 66 -53
61 66 -53
48 18 -53
52 22 -53
18 83 -53
69 25 -53
84 75 -53
14 54 -52
4 66 -52
15 53 -52
17 28 -52
46 12 -52
86 74 -52
5 92 -52
89 37 -52
12 71 -52
82 48 -52
95 22 -51
46 66 -51
67 84 -51
90 6 -51
42 21 -51
19 47 -51
3 46 -51
0 12 -50
52 97 -50
69 88 -50
2 27 -49
36 72 -49
53 43 -49
22 52 -49
90 23 -48
61 54 -47
46 74 -47
97 35 -47
2 60 -47
47 37 -47
41 92 -47
83 39 -47
20 85 -46
79 3 -46
81 65 -46
3 56 -46
17 55 -45
53 14 -45
98 93 -45
59 79 -45
53 80 -44
50 26 -44
89 84 -44
39 63 -44
49 34 -44
74 80 -44
87 31 -43
6 14 -43
90 89 -43
47 36 -43
0 58 -43
75 95 -43
29 26 -42
18 2 -42
68 7 -42
62 52 -41
76 66 -41
2 95 -41
39 46 -41
58 6 -40
51 91 -40
92 2 -40
48 90 -40
41 39 -39
71 10 -39
14 87 -39
69 85 -39
91 48 -39
47 56 -39
39 76 -38
54 29 -38
74 56 -38
58 2 -38
59 76 -38
6 35 -38
53 8 -38
95 14 -38
76 33 -37
14 88 -37
77 17 -37
21 56 -37
15 14 -37
94 55 -37
4 26 -36
97 2 -36
61 93 -36
30 35 -36
18 94 -35
30 55 -35
59 47 -35
15 13 -35
18 34 -35
7 19 -34
69 4 -34
20 64 -34
13 50 -34
4 1 -34
57 74 -33
48 10 -33
16 25 -33
70 17 -33
47 5 -33
59 23 -33
18 24 -33
56 37 -32
93 85 -32
56 84 -32
62 47 -32
53 68 -32
43 47 -32
55 35 -32
81 13 -31
7 17 -31
84 98 -31
50 35 -31
20 87 -31
48 15 -30
98 24 -30
65 30 -30
3 21 -30
4 42 -30
34 7 -29
34 86 -29
86 71 -29
35 14 -29
47 62 -28
72 17 -28
54 22 -28
23 15 -27
23 72 -27
54 18 -26
60 75 -26
19 55 -26
74 40 -26
43 7 -26
38 30 -26
80 54 -26
95 69 -25
17 95 -25
66 18 -25
43 49 -25
10 99 -25
33 72 -25
81 59 -25
3 65 -25
11 66 -25
92 81 -25
17 56 -24
40 94 -24
89 98 -24
34 23 -24
24 11 -24
97 60 -24
0 27 -23
31 19 -23
36 30 -23
35 72 -23
72 16 -23
74 32 -23
80 97 -22
32 92 -22
33 35 -22
56 22 -22
37 27 -21
55 81 -21
13 19 -21
36 58 -21
4 69 -21
11 93 -21
70 73 -20
35 93 -20
46 35 -20
50 98 -20
31 26 -20
77 28 -20
32 88 -19
0 16 -19
7 28 -19
78 41 -19
63 37 -19
64 35 -19
1 38 -19
77 98 -18
78 57 -18
37 59 -18
27 7 -17
79 87 -17
18 28 -17
69 34 -16
5 70 -16
76 80 -16
88 63 -16
46 8 -16
83 13 -15
40 58 -15
35 57 -15
15 51 -14
37 44 -14
22 82 -14
25 59 -13
91 52 -13
13 76 -12
0 20 -12
23 69 -12
54 98 -11
72 36 -11
56 61 -10
8 51 -10
89 64 -10
67 58 -9
86 89 -9
79 25 -9
82 43 -8
86 99 -8
12 48 -8
32 2 -7
25 87 -7
17 54 -7
99 61 -7
66 55 -6
9 48 -6
46 23 -6
3 67 -6
73 64 -6
59 94 -6
55 52 -5
75 84 -5
48 13 -5
48 21 -4
17 39 -4
75 24 -4
2 18 -4
77 32 -4
12 2 -3
75 40 -3
47 20 -3
58 93 -3
16 61 -3
57 52 -3
8 79 -3
56 42 -3
97 56 -3
98 40 -3
39 8 -2
27 88 -2
12 73 -2
74 76 -2
58 96 -2
25 72 -2
72 53 -1
59 12 -1
76 13 0
21 41 0
1 76 0
31 2 0
39 18 0
50 72 1
69 89 1
30 0 1
63 74 2
14 74 2
98 44 2
41 34 2
12 56 2
50 79 2
32 56 2
53 40 2
12 24 2
17 79 2
21 25 2
36 6 3
20 47 3
45 2 3
59 5 3
40 26 3
26 58 3
16 99 4
92 95 4
2 15 5
19 81 5
12 58 5
31 92 5
24 79 6
38 20 6
6 16 6
32 43 6
89 12 6
12 22 7
58 50 7
23 95 7
94 83 7
2 64 7
57 59 7
77 3 7
0 21 8
55 92 8
58 23 8
59 11 8
63 13 9
45 17 9
94 80 9
44 91 10
40 64 10
4 61 10
37 87 10
14 98 10
49 21 10
35 8 11
35 61 11
53 82 11
93 18 11
61 96 11
89 54 11
85 96 11
10 94 11
82 92 12
97 11 12
29 75 12
63 3 12
67 41 12
14 80 13
81 0 13
67 90 13
77 81 13
48 76 14
76 16 14
13 64 14
69 68 14
28 34 14
12 64 14
61 6 14
72 73 14
71 89 15
16 79 15
57 93 15
67 4 15
49 93 15
73 72 16
59 68 16
83 74 16
67 9 16
78 96 16
58 81 16
46 37 16
70 83 17
24 78 17
99 68 17
56 89 17
83 63 17
69 1 17
78 75 17
67 35 18
4 81 18
72 61 18
21 51 18
47 50 18
50 13 19
81 8 19
92 61 19
60 79 19
94 16 19
89 92 19
64 72 19
50 15 19
91 73 19
79 46 20
98 25 20
97 39 20
3 10 20
45 63 20
72 45 20
37 40 21
27 20 21
67 99 21
25 86 21
53 97 22
48 2 22
27 89 22
64 95 22
35 18 22
10 79 22
24 50 22
68 34 22
22 78 22
67 70 22
66 43 23
53 91 23
69 54 23
75 6 24
13 55 24
3 19 25
84 69 25
31 42 25
92 10 25
96 25 25
92 99 26
60 49 26
55 85 26
4 94 27
61 38 27
69 31 28
63 91 28
14 8 28
54 76 28
40 22 28
36 84 29
39 64 29
89 32 30
81 90 30
39 78 30
44 50 30
96 40 30
40 51 30
71 31 31
63 86 31
7 4 31
5 64 31
1 94 31
16 91 31
28 84 32
2 88 32
15 24 32
86 42 32
84 78 32
18 40 33
86 57 33
68 33 33
83 78 33
7 10 33
52 88 33
42 16 33
16 17 34
90 41 34
66 40 34
76 29 34
35 15 34
46 3 35
26 65 35
38 87 35
49 30 35
30 20 35
52 46 35
3 62 35
81 26 35
8 74 35
39 82 35
0 43 36
24 34 36
3 77 36
21 34 36
24 87 36
62 98 37
41 57 37
81 38 37
66 46 37
40 80 37
34 55 37
45 66 37
43 87 38
19 12 38
3 39 38
34 97 38
37 50 38
16 92 39
77 1 39
51 89 39
33 39 39
89 22 40
31 96 40
62 71 40
14 26 40
37 58 40
53 0 40
85 93 40
88 38 40
1 21 41
64 54 41
86 55 41
61 83 41
65 84 41
44 51 42
4 70 42
15 29 43
80 11 43
63 72 43
89 63 43
98 92 43
93 12 44
58 28 44
49 71 44
94 33 44
5 21 44
50 63 44
75 77 45
41 48 45
75 43 45
0 13 45
37 61 45
19 25 45
29 90 46
43 62 46
15 58 46
68 85 47
28 11 47
83 54 47
90 7 47
65 83 48
71 56 48
67 34 48
49 28 48
47 96 48
53 87 48
37 0 48
8 23 49
62 7 50
74 5 50
72 26 50
4 16 50
20 61 50
99 73 50
93 75 50
0 40 50
89 53 50
2 97 51
12 53 51
77 44 51
48 66 51
29 64 51
40 6 51
53 92 51
71 95 51
89 83 51
25 71 52
28 78 52
27 13 52
50 23 52
25 18 52
26 42 52
28 15 53
29 46 53
1 97 53
72 31 53
60 93 53
51 47 53
78 84 53
79 77 53
4 67 53
95 4 53
39 20 54
96 59 54
15 93 54
82 76 54
11 54 55
28 6 55
20 46 55
64 59 55
27 8 55
82 27 55
23 64 55
54 90 56
74 91 56
64 67 56
97 83 56
42 86 57
74 1 57
49 11 57
71 19 57
32 46 57
10 57 57
98 82 58
73 5 58
61 11 59
27 59 59
63 10 59
62 42 59
28 51 59
77 70 60
85 33 60
60 84 60
10 89 60
62 60 60
5 8 61
99 3 61
1 39 61
12 92 62
21 68 62
62 23 62
77 42 62
46 43 62
47 14 63
15 30 63
64 93 63
22 30 63
72 86 64
4 56 64
69 67 64
42 12 64
17 94 65
70 60 65
90 17 65
30 44 66
52 23 66
1 99 66
94 10 66
66 4 67
82 22 67
32 44 67
59 88 67
25 64 68
77 13 68
49 17 68
84 14 68
71 25 68
14 21 69
3 26 69
67 98 69
35 54 70
36 16 71
68 21 71
8 17 71
19 37 71
22 27 71
20 5 72
46 34 72
34 76 73
3 41 73
21 10 73
2 62 74
90 30 74
20 32 75
18 10 75
81 47 77
67 53 77
39 66 77
3 57 78
22 94 78
94 21 78
81 2 79
6 2 79
97 94 79
31 94 79
90 24 80
97 96 80
30 7 81
9 70 82
77 10 82
42 2 82
21 97 83
86 75 83
22 58 84
45 43 86
4 62 87
3 45 88
49 43 88
86 50 89
42 20 90
41 27 98
